app/build/outputs/logs/manifest-merger-debug-report.txt
-- Merging decision tree log ---
manifest
ADDED from src/main/AndroidManifest.xml:2:1-130:12
	package
		ADDED from src/main/AndroidManifest.xml:3:5-32
		INJECTED from src/main/AndroidManifest.xml
		INJECTED from src/main/AndroidManifest.xml
	android:versionName
		ADDED from src/main/AndroidManifest.xml:5:5-30
		INJECTED from src/main/AndroidManifest.xml
		INJECTED from src/main/AndroidManifest.xml
	android:versionCode
		ADDED from src/main/AndroidManifest.xml:4:5-28
		INJECTED from src/main/AndroidManifest.xml
		INJECTED from src/main/AndroidManifest.xml
	xmlns:android
		ADDED from src/main/AndroidManifest.xml:2:11-69
uses-sdk
ADDED from src/main/AndroidManifest.xml:8:5-10:41
	android:targetSdkVersion
		ADDED from src/main/AndroidManifest.xml:10:9-38
		INJECTED from src/main/AndroidManifest.xml
		INJECTED from src/main/AndroidManifest.xml
	android:minSdkVersion
		ADDED from src/main/AndroidManifest.xml:9:9-35
		INJECTED from src/main/AndroidManifest.xml
		INJECTED from src/main/AndroidManifest.xml
uses-permission#android.permission.SYSTEM_ALERT_WINDOW
ADDED from src/main/AndroidManifest.xml:12:5-13:23
	android:name
		ADDED from src/main/AndroidManifest.xml:12:22-75
uses-permission#android.permission.INTERNET
ADDED from src/main/AndroidManifest.xml:15:5-67
	android:name
		ADDED from src/main/AndroidManifest.xml:15:22-64
uses-permission#android.permission.WRITE_EXTERNAL_STORAGE
ADDED from src/main/AndroidManifest.xml:16:5-81
	android:name
		ADDED from src/main/AndroidManifest.xml:16:22-78
uses-permission#android.permission.READ_PHONE_STATE
ADDED from src/main/AndroidManifest.xml:18:5-75
	android:name
		ADDED from src/main/AndroidManifest.xml:18:22-72
uses-permission#android.permission.ACCESS_NETWORK_STATE
ADDED from src/main/AndroidManifest.xml:19:5-79
	android:name
		ADDED from src/main/AndroidManifest.xml:19:22-76
uses-permission#android.permission.ACCESS_WIFI_STATE
ADDED from src/main/AndroidManifest.xml:21:5-76
	android:name
		ADDED from src/main/AndroidManifest.xml:21:22-73
uses-permission#android.permission.CHANGE_WIFI_STATE
ADDED from src/main/AndroidManifest.xml:22:5-76
	android:name
		ADDED from src/main/AndroidManifest.xml:22:22-73
uses-permission#android.permission.VIBRATE
ADDED from src/main/AndroidManifest.xml:24:5-66
	android:name
		ADDED from src/main/AndroidManifest.xml:24:22-63
application
ADDED from src/main/AndroidManifest.xml:27:5-128:19
	android:label
		ADDED from src/main/AndroidManifest.xml:31:9-41
	android:allowBackup
		ADDED from src/main/AndroidManifest.xml:29:9-35
	android:icon
		ADDED from src/main/AndroidManifest.xml:30:9-45
	android:theme
		ADDED from src/main/AndroidManifest.xml:32:9-40
	android:name
		ADDED from src/main/AndroidManifest.xml:28:9-66
activity#com.bandary.dcnet.ui.SplashActivity
ADDED from src/main/AndroidManifest.xml:35:9-45:20
	android:screenOrientation
		ADDED from src/main/AndroidManifest.xml:38:13-49
	android:label
		ADDED from src/main/AndroidManifest.xml:37:13-45
	android:theme
		ADDED from src/main/AndroidManifest.xml:39:13-66
	android:name
		ADDED from src/main/AndroidManifest.xml:36:13-63
intent-filter#android.intent.action.MAIN+android.intent.category.LAUNCHER
ADDED from src/main/AndroidManifest.xml:40:14-44:29
action#android.intent.action.MAIN
ADDED from src/main/AndroidManifest.xml:41:17-69
	android:name
		ADDED from src/main/AndroidManifest.xml:41:25-66
category#android.intent.category.LAUNCHER
ADDED from src/main/AndroidManifest.xml:43:17-77
	android:name
		ADDED from src/main/AndroidManifest.xml:43:27-74
activity#com.bandary.dcnet.ui.LoginActivity
ADDED from src/main/AndroidManifest.xml:46:9-50:20
	android:label
		ADDED from src/main/AndroidManifest.xml:48:13-45
	android:theme
		ADDED from src/main/AndroidManifest.xml:49:13-66
	android:name
		ADDED from src/main/AndroidManifest.xml:47:13-62
activity#com.bandary.dcnet.ui.RegisterActivity
ADDED from src/main/AndroidManifest.xml:51:9-55:20
	android:label
		ADDED from src/main/AndroidManifest.xml:53:13-45
	android:theme
		ADDED from src/main/AndroidManifest.xml:54:13-66
	android:name
		ADDED from src/main/AndroidManifest.xml:52:13-65
activity#com.bandary.dcnet.ui.IndexMainActivity
ADDED from src/main/AndroidManifest.xml:56:9-60:20
	android:label
		ADDED from src/main/AndroidManifest.xml:58:13-45
	android:theme
		ADDED from src/main/AndroidManifest.xml:59:13-66
	android:name
		ADDED from src/main/AndroidManifest.xml:57:13-66
activity#com.bandary.dcnet.ui.KTListActivity
ADDED from src/main/AndroidManifest.xml:61:9-65:20
	android:label
		ADDED from src/main/AndroidManifest.xml:63:13-45
	android:theme
		ADDED from src/main/AndroidManifest.xml:64:13-66
	android:name
		ADDED from src/main/AndroidManifest.xml:62:13-63
activity#com.bandary.dcnet.ui.RegisterDCActivity
ADDED from src/main/AndroidManifest.xml:66:9-70:20
	android:label
		ADDED from src/main/AndroidManifest.xml:68:13-45
	android:theme
		ADDED from src/main/AndroidManifest.xml:69:13-66
	android:name
		ADDED from src/main/AndroidManifest.xml:67:13-67
activity#com.bandary.dcnet.ui.AboutUsActivity
ADDED from src/main/AndroidManifest.xml:71:9-75:20
	android:label
		ADDED from src/main/AndroidManifest.xml:73:13-45
	android:theme
		ADDED from src/main/AndroidManifest.xml:74:13-66
	android:name
		ADDED from src/main/AndroidManifest.xml:72:13-64
activity#com.bandary.dcnet.ui.TypeManagerActivity
ADDED from src/main/AndroidManifest.xml:76:9-80:20
	android:label
		ADDED from src/main/AndroidManifest.xml:78:13-45
	android:theme
		ADDED from src/main/AndroidManifest.xml:79:13-66
	android:name
		ADDED from src/main/AndroidManifest.xml:77:13-68
activity#com.bandary.dcnet.ui.EditDCActivity
ADDED from src/main/AndroidManifest.xml:81:9-85:20
	android:label
		ADDED from src/main/AndroidManifest.xml:83:13-45
	android:theme
		ADDED from src/main/AndroidManifest.xml:84:13-66
	android:name
		ADDED from src/main/AndroidManifest.xml:82:13-63
activity#com.bandary.dcnet.ui.DetailKTActivity
ADDED from src/main/AndroidManifest.xml:86:9-90:20
	android:label
		ADDED from src/main/AndroidManifest.xml:88:13-45
	android:theme
		ADDED from src/main/AndroidManifest.xml:89:13-66
	android:name
		ADDED from src/main/AndroidManifest.xml:87:13-65
activity#com.bandary.dcnet.ui.WifiPointCfgActivity
ADDED from src/main/AndroidManifest.xml:91:9-96:20
	android:label
		ADDED from src/main/AndroidManifest.xml:93:13-45
	android:theme
		ADDED from src/main/AndroidManifest.xml:94:13-66
	android:name
		ADDED from src/main/AndroidManifest.xml:92:13-69
activity#com.bandary.dcnet.ui.ForgetPwdActivity
ADDED from src/main/AndroidManifest.xml:97:9-101:20
	android:label
		ADDED from src/main/AndroidManifest.xml:99:13-45
	android:theme
		ADDED from src/main/AndroidManifest.xml:100:13-66
	android:name
		ADDED from src/main/AndroidManifest.xml:98:13-66
activity#com.bandary.dcnet.ui.UpgradeActivity
ADDED from src/main/AndroidManifest.xml:102:9-106:20
	android:label
		ADDED from src/main/AndroidManifest.xml:104:13-45
	android:theme
		ADDED from src/main/AndroidManifest.xml:105:13-66
	android:name
		ADDED from src/main/AndroidManifest.xml:103:13-64
activity#com.bandary.dcnet.ui.ResetPwdActivity
ADDED from src/main/AndroidManifest.xml:107:9-111:20
	android:label
		ADDED from src/main/AndroidManifest.xml:109:13-45
	android:theme
		ADDED from src/main/AndroidManifest.xml:110:13-66
	android:name
		ADDED from src/main/AndroidManifest.xml:108:13-65
activity#com.bandary.dcnet.ui.WifiPointWelcomeDiscActivity
ADDED from src/main/AndroidManifest.xml:112:9-115:20
	android:label
		ADDED from src/main/AndroidManifest.xml:114:13-64
	android:name
		ADDED from src/main/AndroidManifest.xml:113:13-77
activity#com.bandary.dcnet.WifiPointCommuActivity
ADDED from src/main/AndroidManifest.xml:116:9-119:20
	android:label
		ADDED from src/main/AndroidManifest.xml:118:13-68
	android:name
		ADDED from src/main/AndroidManifest.xml:117:13-68
activity#com.bandary.dcnet.WifiPointResultActivity
ADDED from src/main/AndroidManifest.xml:120:9-123:20
	android:label
		ADDED from src/main/AndroidManifest.xml:122:13-69
	android:name
		ADDED from src/main/AndroidManifest.xml:121:13-69
activity#com.bandary.dcnet.ui.WifiScanListActivity
ADDED from src/main/AndroidManifest.xml:124:9-127:20
	android:label
		ADDED from src/main/AndroidManifest.xml:126:13-66
	android:name
		ADDED from src/main/AndroidManifest.xml:125:13-69